2019-04-23 08:40:51,895 INFO  org.kt.TempApplication - Starting TempApplication on kw with PID 18920 (E:\workspace\idea\kt-temp\target\classes started by dzc in E:\workspace\idea\kt-temp)
2019-04-23 08:40:51,909 INFO  org.kt.TempApplication - No active profile set, falling back to default profiles: default
2019-04-23 08:40:52,003 INFO  o.s.boot.web.servlet.context.AnnotationConfigServletWebServerApplicationContext - Refreshing org.springframework.boot.web.servlet.context.AnnotationConfigServletWebServerApplicationContext@5f404594: startup date [Tue Apr 23 08:40:52 CST 2019]; root of context hierarchy
2019-04-23 08:40:54,074 INFO  org.springframework.boot.web.embedded.tomcat.TomcatWebServer - Tomcat initialized with port(s): 8081 (http)
2019-04-23 08:40:54,102 INFO  org.apache.catalina.core.StandardService - Starting service [Tomcat]
2019-04-23 08:40:54,103 INFO  org.apache.catalina.core.StandardEngine - Starting Servlet Engine: Apache Tomcat/8.5.34
2019-04-23 08:40:54,108 INFO  org.apache.catalina.core.AprLifecycleListener - The APR based Apache Tomcat Native library which allows optimal performance in production environments was not found on the java.library.path: [C:\Program Files\Java\jdk1.8.0_144\bin;C:\Windows\Sun\Java\bin;C:\Windows\system32;C:\Windows;D:\oracle\product\11.2.0\dbhome_1\bin;C:\ProgramData\Oracle\Java\javapath;D:\app\dzc\product\11.1.0\db_1\bin;C:\Windows\system32;C:\Windows;C:\Windows\System32\Wbem;C:\Windows\System32\WindowsPowerShell\v1.0\;D:\wygl_old\MongoDB 2.6 Standard\bin;C:\Program Files\cmder;F:\work\adt-bundle-windows-x86-20130917\sdk\tools;F:\work\adt-bundle-windows-x86-20130917\sdk\platform-tools;D:\program\git\Git\cmd;D:\program\node\;D:\program\mysql\bin;C:\Program Files\IDM Computer Solutions\UltraEdit;D:\maven\devMaven\apache-maven-3.5.3\bin;E:\workspace\nginx\nginx-1.12.2;C:\Program Files\Java\jdk1.8.0_144\bin;D:\program\git\Git\cmd;;D:\program\Microsoft VS Code\bin;C:\Users\dzc\AppData\Roaming\npm;D:\program\mongodb\bin;E:\workspace\server\redis\Redis-x64-3.2.100;.]
2019-04-23 08:40:54,208 INFO  org.apache.catalina.core.ContainerBase.[Tomcat].[localhost].[/wxapp] - Initializing Spring embedded WebApplicationContext
2019-04-23 08:40:54,208 INFO  org.springframework.web.context.ContextLoader - Root WebApplicationContext: initialization completed in 2205 ms
2019-04-23 08:40:54,276 INFO  org.springframework.boot.web.servlet.ServletRegistrationBean - Servlet dispatcherServlet mapped to [/]
2019-04-23 08:40:54,288 INFO  org.springframework.boot.web.servlet.FilterRegistrationBean - Mapping filter: 'characterEncodingFilter' to: [/*]
2019-04-23 08:40:54,289 INFO  org.springframework.boot.web.servlet.FilterRegistrationBean - Mapping filter: 'hiddenHttpMethodFilter' to: [/*]
2019-04-23 08:40:54,289 INFO  org.springframework.boot.web.servlet.FilterRegistrationBean - Mapping filter: 'httpPutFormContentFilter' to: [/*]
2019-04-23 08:40:54,289 INFO  org.springframework.boot.web.servlet.FilterRegistrationBean - Mapping filter: 'requestContextFilter' to: [/*]
2019-04-23 08:40:55,410 INFO  o.springframework.web.servlet.mvc.method.annotation.RequestMappingHandlerAdapter - Looking for @ControllerAdvice: org.springframework.boot.web.servlet.context.AnnotationConfigServletWebServerApplicationContext@5f404594: startup date [Tue Apr 23 08:40:52 CST 2019]; root of context hierarchy
2019-04-23 08:40:55,506 INFO  o.springframework.web.servlet.mvc.method.annotation.RequestMappingHandlerMapping - Mapped "{[/list]}" onto public java.lang.Object org.kt.temp.action.ClientAct.list(org.kt.temp.pojo.Client)
2019-04-23 08:40:55,507 INFO  o.springframework.web.servlet.mvc.method.annotation.RequestMappingHandlerMapping - Mapped "{[/saveOrUpdate],methods=[POST]}" onto public org.kt.temp.util.R org.kt.temp.action.ClientAct.saveOrUpdate(org.kt.temp.pojo.Client)
2019-04-23 08:40:55,508 INFO  o.springframework.web.servlet.mvc.method.annotation.RequestMappingHandlerMapping - Mapped "{[/api/v1/fwcj/list]}" onto public java.lang.Object org.kt.temp.action.FwcjAct.list()
2019-04-23 08:40:55,508 INFO  o.springframework.web.servlet.mvc.method.annotation.RequestMappingHandlerMapping - Mapped "{[/api/v1/fwcj/add]}" onto public java.lang.Object org.kt.temp.action.FwcjAct.addFwcj(org.kt.temp.pojo.Fwcj)
2019-04-23 08:40:55,509 INFO  o.springframework.web.servlet.mvc.method.annotation.RequestMappingHandlerMapping - Mapped "{[/hello]}" onto public org.kt.temp.util.R org.kt.temp.action.IndexAct.index()
2019-04-23 08:40:55,509 INFO  o.springframework.web.servlet.mvc.method.annotation.RequestMappingHandlerMapping - Mapped "{[/user]}" onto public java.lang.Object org.kt.temp.action.IndexAct.user()
2019-04-23 08:40:55,509 INFO  o.springframework.web.servlet.mvc.method.annotation.RequestMappingHandlerMapping - Mapped "{[/api/v1/upload/fileUpload]}" onto public void org.kt.temp.action.MyAct.upload(org.springframework.web.multipart.MultipartFile[])
2019-04-23 08:40:55,510 INFO  o.springframework.web.servlet.mvc.method.annotation.RequestMappingHandlerMapping - Mapped "{[/api/v1/login/doLogin]}" onto public org.kt.temp.util.R org.kt.temp.action.WxLoginAct.wxLogin(java.lang.String)
2019-04-23 08:40:55,514 INFO  o.springframework.web.servlet.mvc.method.annotation.RequestMappingHandlerMapping - Mapped "{[/error]}" onto public org.springframework.http.ResponseEntity<java.util.Map<java.lang.String, java.lang.Object>> org.springframework.boot.autoconfigure.web.servlet.error.BasicErrorController.error(javax.servlet.http.HttpServletRequest)
2019-04-23 08:40:55,515 INFO  o.springframework.web.servlet.mvc.method.annotation.RequestMappingHandlerMapping - Mapped "{[/error],produces=[text/html]}" onto public org.springframework.web.servlet.ModelAndView org.springframework.boot.autoconfigure.web.servlet.error.BasicErrorController.errorHtml(javax.servlet.http.HttpServletRequest,javax.servlet.http.HttpServletResponse)
2019-04-23 08:40:55,554 INFO  org.springframework.web.servlet.handler.SimpleUrlHandlerMapping - Mapped URL path [/webjars/**] onto handler of type [class org.springframework.web.servlet.resource.ResourceHttpRequestHandler]
2019-04-23 08:40:55,555 INFO  org.springframework.web.servlet.handler.SimpleUrlHandlerMapping - Mapped URL path [/**] onto handler of type [class org.springframework.web.servlet.resource.ResourceHttpRequestHandler]
2019-04-23 08:40:55,833 INFO  org.springframework.jmx.export.annotation.AnnotationMBeanExporter - Registering beans for JMX exposure on startup
2019-04-23 08:40:55,834 INFO  org.springframework.jmx.export.annotation.AnnotationMBeanExporter - Bean with name 'dataSource' has been autodetected for JMX exposure
2019-04-23 08:40:55,841 INFO  org.springframework.jmx.export.annotation.AnnotationMBeanExporter - Located MBean 'dataSource': registering with JMX server as MBean [com.zaxxer.hikari:name=dataSource,type=HikariDataSource]
2019-04-23 08:40:55,894 INFO  org.springframework.boot.web.embedded.tomcat.TomcatWebServer - Tomcat started on port(s): 8081 (http) with context path '/wxapp'
2019-04-23 08:40:55,902 INFO  org.kt.TempApplication - Started TempApplication in 4.865 seconds (JVM running for 11.395)
2019-04-23 08:42:13,877 INFO  org.apache.catalina.core.ContainerBase.[Tomcat].[localhost].[/wxapp] - Initializing Spring FrameworkServlet 'dispatcherServlet'
2019-04-23 08:42:13,877 INFO  org.springframework.web.servlet.DispatcherServlet - FrameworkServlet 'dispatcherServlet': initialization started
2019-04-23 08:42:13,910 INFO  org.springframework.web.servlet.DispatcherServlet - FrameworkServlet 'dispatcherServlet': initialization completed in 33 ms
2019-04-23 08:42:14,022 INFO  com.zaxxer.hikari.HikariDataSource - HikariPool-1 - Starting...
2019-04-23 08:42:14,260 INFO  com.zaxxer.hikari.pool.PoolBase - HikariPool-1 - Driver does not support get/set network timeout for connections. (oracle.jdbc.driver.T4CConnection.getNetworkTimeout()I)
2019-04-23 08:42:14,267 INFO  com.zaxxer.hikari.HikariDataSource - HikariPool-1 - Start completed.
2019-04-23 09:09:59,618 INFO  org.kt.TempApplication - Starting TempApplication on kw with PID 18496 (E:\workspace\idea\kt-temp\target\classes started by dzc in E:\workspace\idea\kt-temp)
2019-04-23 09:09:59,622 INFO  org.kt.TempApplication - No active profile set, falling back to default profiles: default
2019-04-23 09:09:59,680 INFO  o.s.boot.web.servlet.context.AnnotationConfigServletWebServerApplicationContext - Refreshing org.springframework.boot.web.servlet.context.AnnotationConfigServletWebServerApplicationContext@2e6a5539: startup date [Tue Apr 23 09:09:59 CST 2019]; root of context hierarchy
2019-04-23 09:10:01,161 INFO  org.springframework.boot.web.embedded.tomcat.TomcatWebServer - Tomcat initialized with port(s): 8081 (http)
2019-04-23 09:10:01,186 INFO  org.apache.catalina.core.StandardService - Starting service [Tomcat]
2019-04-23 09:10:01,186 INFO  org.apache.catalina.core.StandardEngine - Starting Servlet Engine: Apache Tomcat/8.5.34
2019-04-23 09:10:01,189 INFO  org.apache.catalina.core.AprLifecycleListener - The APR based Apache Tomcat Native library which allows optimal performance in production environments was not found on the java.library.path: [C:\Program Files\Java\jdk1.8.0_144\bin;C:\Windows\Sun\Java\bin;C:\Windows\system32;C:\Windows;D:\oracle\product\11.2.0\dbhome_1\bin;C:\ProgramData\Oracle\Java\javapath;D:\app\dzc\product\11.1.0\db_1\bin;C:\Windows\system32;C:\Windows;C:\Windows\System32\Wbem;C:\Windows\System32\WindowsPowerShell\v1.0\;D:\wygl_old\MongoDB 2.6 Standard\bin;C:\Program Files\cmder;F:\work\adt-bundle-windows-x86-20130917\sdk\tools;F:\work\adt-bundle-windows-x86-20130917\sdk\platform-tools;D:\program\git\Git\cmd;D:\program\node\;D:\program\mysql\bin;C:\Program Files\IDM Computer Solutions\UltraEdit;D:\maven\devMaven\apache-maven-3.5.3\bin;E:\workspace\nginx\nginx-1.12.2;C:\Program Files\Java\jdk1.8.0_144\bin;D:\program\git\Git\cmd;;D:\program\Microsoft VS Code\bin;C:\Users\dzc\AppData\Roaming\npm;D:\program\mongodb\bin;E:\workspace\server\redis\Redis-x64-3.2.100;.]
2019-04-23 09:10:01,276 INFO  org.apache.catalina.core.ContainerBase.[Tomcat].[localhost].[/wxapp] - Initializing Spring embedded WebApplicationContext
2019-04-23 09:10:01,276 INFO  org.springframework.web.context.ContextLoader - Root WebApplicationContext: initialization completed in 1596 ms
2019-04-23 09:10:01,328 INFO  org.springframework.boot.web.servlet.ServletRegistrationBean - Servlet dispatcherServlet mapped to [/]
2019-04-23 09:10:01,333 INFO  org.springframework.boot.web.servlet.FilterRegistrationBean - Mapping filter: 'characterEncodingFilter' to: [/*]
2019-04-23 09:10:01,334 INFO  org.springframework.boot.web.servlet.FilterRegistrationBean - Mapping filter: 'hiddenHttpMethodFilter' to: [/*]
2019-04-23 09:10:01,334 INFO  org.springframework.boot.web.servlet.FilterRegistrationBean - Mapping filter: 'httpPutFormContentFilter' to: [/*]
2019-04-23 09:10:01,334 INFO  org.springframework.boot.web.servlet.FilterRegistrationBean - Mapping filter: 'requestContextFilter' to: [/*]
2019-04-23 09:10:02,139 INFO  o.springframework.web.servlet.mvc.method.annotation.RequestMappingHandlerAdapter - Looking for @ControllerAdvice: org.springframework.boot.web.servlet.context.AnnotationConfigServletWebServerApplicationContext@2e6a5539: startup date [Tue Apr 23 09:09:59 CST 2019]; root of context hierarchy
2019-04-23 09:10:02,199 INFO  o.springframework.web.servlet.mvc.method.annotation.RequestMappingHandlerMapping - Mapped "{[/list]}" onto public java.lang.Object org.kt.temp.action.ClientAct.list(org.kt.temp.pojo.Client)
2019-04-23 09:10:02,200 INFO  o.springframework.web.servlet.mvc.method.annotation.RequestMappingHandlerMapping - Mapped "{[/saveOrUpdate],methods=[POST]}" onto public org.kt.temp.util.R org.kt.temp.action.ClientAct.saveOrUpdate(org.kt.temp.pojo.Client)
2019-04-23 09:10:02,201 INFO  o.springframework.web.servlet.mvc.method.annotation.RequestMappingHandlerMapping - Mapped "{[/api/v1/fwcj/list]}" onto public java.lang.Object org.kt.temp.action.FwcjAct.list()
2019-04-23 09:10:02,201 INFO  o.springframework.web.servlet.mvc.method.annotation.RequestMappingHandlerMapping - Mapped "{[/api/v1/fwcj/add]}" onto public java.lang.Object org.kt.temp.action.FwcjAct.addFwcj(org.kt.temp.pojo.Fwcj)
2019-04-23 09:10:02,202 INFO  o.springframework.web.servlet.mvc.method.annotation.RequestMappingHandlerMapping - Mapped "{[/hello]}" onto public org.kt.temp.util.R org.kt.temp.action.IndexAct.index()
2019-04-23 09:10:02,202 INFO  o.springframework.web.servlet.mvc.method.annotation.RequestMappingHandlerMapping - Mapped "{[/user]}" onto public java.lang.Object org.kt.temp.action.IndexAct.user()
2019-04-23 09:10:02,202 INFO  o.springframework.web.servlet.mvc.method.annotation.RequestMappingHandlerMapping - Mapped "{[/api/v1/upload/fileUpload]}" onto public void org.kt.temp.action.MyAct.upload(org.springframework.web.multipart.MultipartFile)
2019-04-23 09:10:02,203 INFO  o.springframework.web.servlet.mvc.method.annotation.RequestMappingHandlerMapping - Mapped "{[/api/v1/login/doLogin]}" onto public org.kt.temp.util.R org.kt.temp.action.WxLoginAct.wxLogin(java.lang.String)
2019-04-23 09:10:02,206 INFO  o.springframework.web.servlet.mvc.method.annotation.RequestMappingHandlerMapping - Mapped "{[/error]}" onto public org.springframework.http.ResponseEntity<java.util.Map<java.lang.String, java.lang.Object>> org.springframework.boot.autoconfigure.web.servlet.error.BasicErrorController.error(javax.servlet.http.HttpServletRequest)
2019-04-23 09:10:02,206 INFO  o.springframework.web.servlet.mvc.method.annotation.RequestMappingHandlerMapping - Mapped "{[/error],produces=[text/html]}" onto public org.springframework.web.servlet.ModelAndView org.springframework.boot.autoconfigure.web.servlet.error.BasicErrorController.errorHtml(javax.servlet.http.HttpServletRequest,javax.servlet.http.HttpServletResponse)
2019-04-23 09:10:02,240 INFO  org.springframework.web.servlet.handler.SimpleUrlHandlerMapping - Mapped URL path [/webjars/**] onto handler of type [class org.springframework.web.servlet.resource.ResourceHttpRequestHandler]
2019-04-23 09:10:02,240 INFO  org.springframework.web.servlet.handler.SimpleUrlHandlerMapping - Mapped URL path [/**] onto handler of type [class org.springframework.web.servlet.resource.ResourceHttpRequestHandler]
2019-04-23 09:10:02,436 INFO  org.springframework.jmx.export.annotation.AnnotationMBeanExporter - Registering beans for JMX exposure on startup
2019-04-23 09:10:02,437 INFO  org.springframework.jmx.export.annotation.AnnotationMBeanExporter - Bean with name 'dataSource' has been autodetected for JMX exposure
2019-04-23 09:10:02,442 INFO  org.springframework.jmx.export.annotation.AnnotationMBeanExporter - Located MBean 'dataSource': registering with JMX server as MBean [com.zaxxer.hikari:name=dataSource,type=HikariDataSource]
2019-04-23 09:10:02,484 INFO  org.springframework.boot.web.embedded.tomcat.TomcatWebServer - Tomcat started on port(s): 8081 (http) with context path '/wxapp'
2019-04-23 09:10:02,489 INFO  org.kt.TempApplication - Started TempApplication in 3.403 seconds (JVM running for 7.332)
2019-04-23 09:10:15,508 INFO  org.apache.catalina.core.ContainerBase.[Tomcat].[localhost].[/wxapp] - Initializing Spring FrameworkServlet 'dispatcherServlet'
2019-04-23 09:10:15,508 INFO  org.springframework.web.servlet.DispatcherServlet - FrameworkServlet 'dispatcherServlet': initialization started
2019-04-23 09:10:15,531 INFO  org.springframework.web.servlet.DispatcherServlet - FrameworkServlet 'dispatcherServlet': initialization completed in 23 ms
2019-04-23 09:10:15,589 INFO  com.zaxxer.hikari.HikariDataSource - HikariPool-1 - Starting...
2019-04-23 09:10:15,784 INFO  com.zaxxer.hikari.pool.PoolBase - HikariPool-1 - Driver does not support get/set network timeout for connections. (oracle.jdbc.driver.T4CConnection.getNetworkTimeout()I)
2019-04-23 09:10:15,788 INFO  com.zaxxer.hikari.HikariDataSource - HikariPool-1 - Start completed.
2019-04-23 09:23:46,100 INFO  org.kt.TempApplication - Starting TempApplication on kw with PID 6676 (E:\workspace\idea\kt-temp\target\classes started by dzc in E:\workspace\idea\kt-temp)
2019-04-23 09:23:46,104 INFO  org.kt.TempApplication - No active profile set, falling back to default profiles: default
2019-04-23 09:23:46,162 INFO  o.s.boot.web.servlet.context.AnnotationConfigServletWebServerApplicationContext - Refreshing org.springframework.boot.web.servlet.context.AnnotationConfigServletWebServerApplicationContext@2e6a5539: startup date [Tue Apr 23 09:23:46 CST 2019]; root of context hierarchy
2019-04-23 09:23:47,957 INFO  org.springframework.boot.web.embedded.tomcat.TomcatWebServer - Tomcat initialized with port(s): 8081 (http)
2019-04-23 09:23:48,006 INFO  org.apache.catalina.core.StandardService - Starting service [Tomcat]
2019-04-23 09:23:48,007 INFO  org.apache.catalina.core.StandardEngine - Starting Servlet Engine: Apache Tomcat/8.5.34
2019-04-23 09:23:48,016 INFO  org.apache.catalina.core.AprLifecycleListener - The APR based Apache Tomcat Native library which allows optimal performance in production environments was not found on the java.library.path: [C:\Program Files\Java\jdk1.8.0_144\bin;C:\Windows\Sun\Java\bin;C:\Windows\system32;C:\Windows;D:\oracle\product\11.2.0\dbhome_1\bin;C:\ProgramData\Oracle\Java\javapath;D:\app\dzc\product\11.1.0\db_1\bin;C:\Windows\system32;C:\Windows;C:\Windows\System32\Wbem;C:\Windows\System32\WindowsPowerShell\v1.0\;D:\wygl_old\MongoDB 2.6 Standard\bin;C:\Program Files\cmder;F:\work\adt-bundle-windows-x86-20130917\sdk\tools;F:\work\adt-bundle-windows-x86-20130917\sdk\platform-tools;D:\program\git\Git\cmd;D:\program\node\;D:\program\mysql\bin;C:\Program Files\IDM Computer Solutions\UltraEdit;D:\maven\devMaven\apache-maven-3.5.3\bin;E:\workspace\nginx\nginx-1.12.2;C:\Program Files\Java\jdk1.8.0_144\bin;D:\program\git\Git\cmd;;D:\program\Microsoft VS Code\bin;C:\Users\dzc\AppData\Roaming\npm;D:\program\mongodb\bin;E:\workspace\server\redis\Redis-x64-3.2.100;.]
2019-04-23 09:23:48,140 INFO  org.apache.catalina.core.ContainerBase.[Tomcat].[localhost].[/wxapp] - Initializing Spring embedded WebApplicationContext
2019-04-23 09:23:48,140 INFO  org.springframework.web.context.ContextLoader - Root WebApplicationContext: initialization completed in 1978 ms
2019-04-23 09:23:48,207 INFO  org.springframework.boot.web.servlet.ServletRegistrationBean - Servlet dispatcherServlet mapped to [/]
2019-04-23 09:23:48,211 INFO  org.springframework.boot.web.servlet.FilterRegistrationBean - Mapping filter: 'characterEncodingFilter' to: [/*]
2019-04-23 09:23:48,212 INFO  org.springframework.boot.web.servlet.FilterRegistrationBean - Mapping filter: 'hiddenHttpMethodFilter' to: [/*]
2019-04-23 09:23:48,212 INFO  org.springframework.boot.web.servlet.FilterRegistrationBean - Mapping filter: 'httpPutFormContentFilter' to: [/*]
2019-04-23 09:23:48,212 INFO  org.springframework.boot.web.servlet.FilterRegistrationBean - Mapping filter: 'requestContextFilter' to: [/*]
2019-04-23 09:23:49,016 INFO  o.springframework.web.servlet.mvc.method.annotation.RequestMappingHandlerAdapter - Looking for @ControllerAdvice: org.springframework.boot.web.servlet.context.AnnotationConfigServletWebServerApplicationContext@2e6a5539: startup date [Tue Apr 23 09:23:46 CST 2019]; root of context hierarchy
2019-04-23 09:23:49,077 INFO  o.springframework.web.servlet.mvc.method.annotation.RequestMappingHandlerMapping - Mapped "{[/list]}" onto public java.lang.Object org.kt.temp.action.ClientAct.list(org.kt.temp.pojo.Client)
2019-04-23 09:23:49,078 INFO  o.springframework.web.servlet.mvc.method.annotation.RequestMappingHandlerMapping - Mapped "{[/saveOrUpdate],methods=[POST]}" onto public org.kt.temp.util.R org.kt.temp.action.ClientAct.saveOrUpdate(org.kt.temp.pojo.Client)
2019-04-23 09:23:49,079 INFO  o.springframework.web.servlet.mvc.method.annotation.RequestMappingHandlerMapping - Mapped "{[/api/v1/fwcj/list]}" onto public java.lang.Object org.kt.temp.action.FwcjAct.list()
2019-04-23 09:23:49,079 INFO  o.springframework.web.servlet.mvc.method.annotation.RequestMappingHandlerMapping - Mapped "{[/api/v1/fwcj/add]}" onto public java.lang.Object org.kt.temp.action.FwcjAct.addFwcj(org.kt.temp.pojo.Fwcj)
2019-04-23 09:23:49,079 INFO  o.springframework.web.servlet.mvc.method.annotation.RequestMappingHandlerMapping - Mapped "{[/hello]}" onto public org.kt.temp.util.R org.kt.temp.action.IndexAct.index()
2019-04-23 09:23:49,079 INFO  o.springframework.web.servlet.mvc.method.annotation.RequestMappingHandlerMapping - Mapped "{[/user]}" onto public java.lang.Object org.kt.temp.action.IndexAct.user()
2019-04-23 09:23:49,080 INFO  o.springframework.web.servlet.mvc.method.annotation.RequestMappingHandlerMapping - Mapped "{[/api/v1/upload/fileUpload]}" onto public void org.kt.temp.action.MyAct.upload(org.springframework.web.multipart.MultipartFile)
2019-04-23 09:23:49,081 INFO  o.springframework.web.servlet.mvc.method.annotation.RequestMappingHandlerMapping - Mapped "{[/api/v1/login/doLogin]}" onto public org.kt.temp.util.R org.kt.temp.action.WxLoginAct.wxLogin(java.lang.String)
2019-04-23 09:23:49,084 INFO  o.springframework.web.servlet.mvc.method.annotation.RequestMappingHandlerMapping - Mapped "{[/error]}" onto public org.springframework.http.ResponseEntity<java.util.Map<java.lang.String, java.lang.Object>> org.springframework.boot.autoconfigure.web.servlet.error.BasicErrorController.error(javax.servlet.http.HttpServletRequest)
2019-04-23 09:23:49,085 INFO  o.springframework.web.servlet.mvc.method.annotation.RequestMappingHandlerMapping - Mapped "{[/error],produces=[text/html]}" onto public org.springframework.web.servlet.ModelAndView org.springframework.boot.autoconfigure.web.servlet.error.BasicErrorController.errorHtml(javax.servlet.http.HttpServletRequest,javax.servlet.http.HttpServletResponse)
2019-04-23 09:23:49,114 INFO  org.springframework.web.servlet.handler.SimpleUrlHandlerMapping - Mapped URL path [/webjars/**] onto handler of type [class org.springframework.web.servlet.resource.ResourceHttpRequestHandler]
2019-04-23 09:23:49,114 INFO  org.springframework.web.servlet.handler.SimpleUrlHandlerMapping - Mapped URL path [/**] onto handler of type [class org.springframework.web.servlet.resource.ResourceHttpRequestHandler]
2019-04-23 09:23:49,320 INFO  org.springframework.jmx.export.annotation.AnnotationMBeanExporter - Registering beans for JMX exposure on startup
2019-04-23 09:23:49,321 INFO  org.springframework.jmx.export.annotation.AnnotationMBeanExporter - Bean with name 'dataSource' has been autodetected for JMX exposure
2019-04-23 09:23:49,328 INFO  org.springframework.jmx.export.annotation.AnnotationMBeanExporter - Located MBean 'dataSource': registering with JMX server as MBean [com.zaxxer.hikari:name=dataSource,type=HikariDataSource]
2019-04-23 09:23:49,405 INFO  org.springframework.boot.web.embedded.tomcat.TomcatWebServer - Tomcat started on port(s): 8081 (http) with context path '/wxapp'
2019-04-23 09:23:49,412 INFO  org.kt.TempApplication - Started TempApplication in 3.881 seconds (JVM running for 7.805)
2019-04-23 09:25:14,797 INFO  org.kt.TempApplication - Starting TempApplication on kw with PID 15184 (E:\workspace\idea\kt-temp\target\classes started by dzc in E:\workspace\idea\kt-temp)
2019-04-23 09:25:14,801 INFO  org.kt.TempApplication - No active profile set, falling back to default profiles: default
2019-04-23 09:25:14,858 INFO  o.s.boot.web.servlet.context.AnnotationConfigServletWebServerApplicationContext - Refreshing org.springframework.boot.web.servlet.context.AnnotationConfigServletWebServerApplicationContext@2e6a5539: startup date [Tue Apr 23 09:25:14 CST 2019]; root of context hierarchy
2019-04-23 09:25:16,202 INFO  org.springframework.boot.web.embedded.tomcat.TomcatWebServer - Tomcat initialized with port(s): 8081 (http)
2019-04-23 09:25:16,225 INFO  org.apache.catalina.core.StandardService - Starting service [Tomcat]
2019-04-23 09:25:16,225 INFO  org.apache.catalina.core.StandardEngine - Starting Servlet Engine: Apache Tomcat/8.5.34
2019-04-23 09:25:16,228 INFO  org.apache.catalina.core.AprLifecycleListener - The APR based Apache Tomcat Native library which allows optimal performance in production environments was not found on the java.library.path: [C:\Program Files\Java\jdk1.8.0_144\bin;C:\Windows\Sun\Java\bin;C:\Windows\system32;C:\Windows;D:\oracle\product\11.2.0\dbhome_1\bin;C:\ProgramData\Oracle\Java\javapath;D:\app\dzc\product\11.1.0\db_1\bin;C:\Windows\system32;C:\Windows;C:\Windows\System32\Wbem;C:\Windows\System32\WindowsPowerShell\v1.0\;D:\wygl_old\MongoDB 2.6 Standard\bin;C:\Program Files\cmder;F:\work\adt-bundle-windows-x86-20130917\sdk\tools;F:\work\adt-bundle-windows-x86-20130917\sdk\platform-tools;D:\program\git\Git\cmd;D:\program\node\;D:\program\mysql\bin;C:\Program Files\IDM Computer Solutions\UltraEdit;D:\maven\devMaven\apache-maven-3.5.3\bin;E:\workspace\nginx\nginx-1.12.2;C:\Program Files\Java\jdk1.8.0_144\bin;D:\program\git\Git\cmd;;D:\program\Microsoft VS Code\bin;C:\Users\dzc\AppData\Roaming\npm;D:\program\mongodb\bin;E:\workspace\server\redis\Redis-x64-3.2.100;.]
2019-04-23 09:25:16,315 INFO  org.apache.catalina.core.ContainerBase.[Tomcat].[localhost].[/wxapp] - Initializing Spring embedded WebApplicationContext
2019-04-23 09:25:16,315 INFO  org.springframework.web.context.ContextLoader - Root WebApplicationContext: initialization completed in 1457 ms
2019-04-23 09:25:16,372 INFO  org.springframework.boot.web.servlet.ServletRegistrationBean - Servlet dispatcherServlet mapped to [/]
2019-04-23 09:25:16,376 INFO  org.springframework.boot.web.servlet.FilterRegistrationBean - Mapping filter: 'characterEncodingFilter' to: [/*]
2019-04-23 09:25:16,377 INFO  org.springframework.boot.web.servlet.FilterRegistrationBean - Mapping filter: 'hiddenHttpMethodFilter' to: [/*]
2019-04-23 09:25:16,377 INFO  org.springframework.boot.web.servlet.FilterRegistrationBean - Mapping filter: 'httpPutFormContentFilter' to: [/*]
2019-04-23 09:25:16,377 INFO  org.springframework.boot.web.servlet.FilterRegistrationBean - Mapping filter: 'requestContextFilter' to: [/*]
2019-04-23 09:25:17,225 INFO  o.springframework.web.servlet.mvc.method.annotation.RequestMappingHandlerAdapter - Looking for @ControllerAdvice: org.springframework.boot.web.servlet.context.AnnotationConfigServletWebServerApplicationContext@2e6a5539: startup date [Tue Apr 23 09:25:14 CST 2019]; root of context hierarchy
2019-04-23 09:25:17,293 INFO  o.springframework.web.servlet.mvc.method.annotation.RequestMappingHandlerMapping - Mapped "{[/list]}" onto public java.lang.Object org.kt.temp.action.ClientAct.list(org.kt.temp.pojo.Client)
2019-04-23 09:25:17,294 INFO  o.springframework.web.servlet.mvc.method.annotation.RequestMappingHandlerMapping - Mapped "{[/saveOrUpdate],methods=[POST]}" onto public org.kt.temp.util.R org.kt.temp.action.ClientAct.saveOrUpdate(org.kt.temp.pojo.Client)
2019-04-23 09:25:17,295 INFO  o.springframework.web.servlet.mvc.method.annotation.RequestMappingHandlerMapping - Mapped "{[/api/v1/fwcj/list]}" onto public java.lang.Object org.kt.temp.action.FwcjAct.list()
2019-04-23 09:25:17,295 INFO  o.springframework.web.servlet.mvc.method.annotation.RequestMappingHandlerMapping - Mapped "{[/api/v1/fwcj/add]}" onto public java.lang.Object org.kt.temp.action.FwcjAct.addFwcj(org.kt.temp.pojo.Fwcj)
2019-04-23 09:25:17,296 INFO  o.springframework.web.servlet.mvc.method.annotation.RequestMappingHandlerMapping - Mapped "{[/hello]}" onto public org.kt.temp.util.R org.kt.temp.action.IndexAct.index()
2019-04-23 09:25:17,296 INFO  o.springframework.web.servlet.mvc.method.annotation.RequestMappingHandlerMapping - Mapped "{[/user]}" onto public java.lang.Object org.kt.temp.action.IndexAct.user()
2019-04-23 09:25:17,296 INFO  o.springframework.web.servlet.mvc.method.annotation.RequestMappingHandlerMapping - Mapped "{[/api/v1/upload/fileUpload]}" onto public void org.kt.temp.action.MyAct.upload(org.springframework.web.multipart.MultipartFile)
2019-04-23 09:25:17,297 INFO  o.springframework.web.servlet.mvc.method.annotation.RequestMappingHandlerMapping - Mapped "{[/api/v1/login/doLogin]}" onto public org.kt.temp.util.R org.kt.temp.action.WxLoginAct.wxLogin(java.lang.String)
2019-04-23 09:25:17,301 INFO  o.springframework.web.servlet.mvc.method.annotation.RequestMappingHandlerMapping - Mapped "{[/error]}" onto public org.springframework.http.ResponseEntity<java.util.Map<java.lang.String, java.lang.Object>> org.springframework.boot.autoconfigure.web.servlet.error.BasicErrorController.error(javax.servlet.http.HttpServletRequest)
2019-04-23 09:25:17,301 INFO  o.springframework.web.servlet.mvc.method.annotation.RequestMappingHandlerMapping - Mapped "{[/error],produces=[text/html]}" onto public org.springframework.web.servlet.ModelAndView org.springframework.boot.autoconfigure.web.servlet.error.BasicErrorController.errorHtml(javax.servlet.http.HttpServletRequest,javax.servlet.http.HttpServletResponse)
2019-04-23 09:25:17,331 INFO  org.springframework.web.servlet.handler.SimpleUrlHandlerMapping - Mapped URL path [/webjars/**] onto handler of type [class org.springframework.web.servlet.resource.ResourceHttpRequestHandler]
2019-04-23 09:25:17,331 INFO  org.springframework.web.servlet.handler.SimpleUrlHandlerMapping - Mapped URL path [/**] onto handler of type [class org.springframework.web.servlet.resource.ResourceHttpRequestHandler]
2019-04-23 09:25:17,522 INFO  org.springframework.jmx.export.annotation.AnnotationMBeanExporter - Registering beans for JMX exposure on startup
2019-04-23 09:25:17,523 INFO  org.springframework.jmx.export.annotation.AnnotationMBeanExporter - Bean with name 'dataSource' has been autodetected for JMX exposure
2019-04-23 09:25:17,529 INFO  org.springframework.jmx.export.annotation.AnnotationMBeanExporter - Located MBean 'dataSource': registering with JMX server as MBean [com.zaxxer.hikari:name=dataSource,type=HikariDataSource]
2019-04-23 09:25:17,570 INFO  org.springframework.boot.web.embedded.tomcat.TomcatWebServer - Tomcat started on port(s): 8081 (http) with context path '/wxapp'
2019-04-23 09:25:17,580 INFO  org.kt.TempApplication - Started TempApplication in 3.395 seconds (JVM running for 7.793)
2019-04-23 09:25:57,664 INFO  org.apache.catalina.core.ContainerBase.[Tomcat].[localhost].[/wxapp] - Initializing Spring FrameworkServlet 'dispatcherServlet'
2019-04-23 09:25:57,665 INFO  org.springframework.web.servlet.DispatcherServlet - FrameworkServlet 'dispatcherServlet': initialization started
2019-04-23 09:25:57,700 INFO  org.springframework.web.servlet.DispatcherServlet - FrameworkServlet 'dispatcherServlet': initialization completed in 35 ms
2019-04-23 09:25:57,761 INFO  com.zaxxer.hikari.HikariDataSource - HikariPool-1 - Starting...
2019-04-23 09:25:57,932 INFO  com.zaxxer.hikari.pool.PoolBase - HikariPool-1 - Driver does not support get/set network timeout for connections. (oracle.jdbc.driver.T4CConnection.getNetworkTimeout()I)
2019-04-23 09:25:57,937 INFO  com.zaxxer.hikari.HikariDataSource - HikariPool-1 - Start completed.
2019-04-23 09:27:44,169 INFO  org.kt.TempApplication - Starting TempApplication on kw with PID 13408 (E:\workspace\idea\kt-temp\target\classes started by dzc in E:\workspace\idea\kt-temp)
2019-04-23 09:27:44,173 INFO  org.kt.TempApplication - No active profile set, falling back to default profiles: default
2019-04-23 09:27:44,234 INFO  o.s.boot.web.servlet.context.AnnotationConfigServletWebServerApplicationContext - Refreshing org.springframework.boot.web.servlet.context.AnnotationConfigServletWebServerApplicationContext@2e6a5539: startup date [Tue Apr 23 09:27:44 CST 2019]; root of context hierarchy
2019-04-23 09:27:45,640 INFO  org.springframework.boot.web.embedded.tomcat.TomcatWebServer - Tomcat initialized with port(s): 8081 (http)
2019-04-23 09:27:45,663 INFO  org.apache.catalina.core.StandardService - Starting service [Tomcat]
2019-04-23 09:27:45,664 INFO  org.apache.catalina.core.StandardEngine - Starting Servlet Engine: Apache Tomcat/8.5.34
2019-04-23 09:27:45,667 INFO  org.apache.catalina.core.AprLifecycleListener - The APR based Apache Tomcat Native library which allows optimal performance in production environments was not found on the java.library.path: [C:\Program Files\Java\jdk1.8.0_144\bin;C:\Windows\Sun\Java\bin;C:\Windows\system32;C:\Windows;D:\oracle\product\11.2.0\dbhome_1\bin;C:\ProgramData\Oracle\Java\javapath;D:\app\dzc\product\11.1.0\db_1\bin;C:\Windows\system32;C:\Windows;C:\Windows\System32\Wbem;C:\Windows\System32\WindowsPowerShell\v1.0\;D:\wygl_old\MongoDB 2.6 Standard\bin;C:\Program Files\cmder;F:\work\adt-bundle-windows-x86-20130917\sdk\tools;F:\work\adt-bundle-windows-x86-20130917\sdk\platform-tools;D:\program\git\Git\cmd;D:\program\node\;D:\program\mysql\bin;C:\Program Files\IDM Computer Solutions\UltraEdit;D:\maven\devMaven\apache-maven-3.5.3\bin;E:\workspace\nginx\nginx-1.12.2;C:\Program Files\Java\jdk1.8.0_144\bin;D:\program\git\Git\cmd;;D:\program\Microsoft VS Code\bin;C:\Users\dzc\AppData\Roaming\npm;D:\program\mongodb\bin;E:\workspace\server\redis\Redis-x64-3.2.100;.]
2019-04-23 09:27:45,776 INFO  org.apache.catalina.core.ContainerBase.[Tomcat].[localhost].[/wxapp] - Initializing Spring embedded WebApplicationContext
2019-04-23 09:27:45,776 INFO  org.springframework.web.context.ContextLoader - Root WebApplicationContext: initialization completed in 1542 ms
2019-04-23 09:27:45,896 INFO  org.springframework.boot.web.servlet.ServletRegistrationBean - Servlet dispatcherServlet mapped to [/]
2019-04-23 09:27:45,904 INFO  org.springframework.boot.web.servlet.FilterRegistrationBean - Mapping filter: 'characterEncodingFilter' to: [/*]
2019-04-23 09:27:45,905 INFO  org.springframework.boot.web.servlet.FilterRegistrationBean - Mapping filter: 'hiddenHttpMethodFilter' to: [/*]
2019-04-23 09:27:45,905 INFO  org.springframework.boot.web.servlet.FilterRegistrationBean - Mapping filter: 'httpPutFormContentFilter' to: [/*]
2019-04-23 09:27:45,905 INFO  org.springframework.boot.web.servlet.FilterRegistrationBean - Mapping filter: 'requestContextFilter' to: [/*]
2019-04-23 09:27:47,090 INFO  o.springframework.web.servlet.mvc.method.annotation.RequestMappingHandlerAdapter - Looking for @ControllerAdvice: org.springframework.boot.web.servlet.context.AnnotationConfigServletWebServerApplicationContext@2e6a5539: startup date [Tue Apr 23 09:27:44 CST 2019]; root of context hierarchy
2019-04-23 09:27:47,167 INFO  o.springframework.web.servlet.mvc.method.annotation.RequestMappingHandlerMapping - Mapped "{[/list]}" onto public java.lang.Object org.kt.temp.action.ClientAct.list(org.kt.temp.pojo.Client)
2019-04-23 09:27:47,168 INFO  o.springframework.web.servlet.mvc.method.annotation.RequestMappingHandlerMapping - Mapped "{[/saveOrUpdate],methods=[POST]}" onto public org.kt.temp.util.R org.kt.temp.action.ClientAct.saveOrUpdate(org.kt.temp.pojo.Client)
2019-04-23 09:27:47,169 INFO  o.springframework.web.servlet.mvc.method.annotation.RequestMappingHandlerMapping - Mapped "{[/api/v1/fwcj/list]}" onto public java.lang.Object org.kt.temp.action.FwcjAct.list()
2019-04-23 09:27:47,169 INFO  o.springframework.web.servlet.mvc.method.annotation.RequestMappingHandlerMapping - Mapped "{[/api/v1/fwcj/add]}" onto public java.lang.Object org.kt.temp.action.FwcjAct.addFwcj(org.kt.temp.pojo.Fwcj)
2019-04-23 09:27:47,170 INFO  o.springframework.web.servlet.mvc.method.annotation.RequestMappingHandlerMapping - Mapped "{[/hello]}" onto public org.kt.temp.util.R org.kt.temp.action.IndexAct.index()
2019-04-23 09:27:47,170 INFO  o.springframework.web.servlet.mvc.method.annotation.RequestMappingHandlerMapping - Mapped "{[/user]}" onto public java.lang.Object org.kt.temp.action.IndexAct.user()
2019-04-23 09:27:47,171 INFO  o.springframework.web.servlet.mvc.method.annotation.RequestMappingHandlerMapping - Mapped "{[/api/v1/upload/fileUpload]}" onto public void org.kt.temp.action.MyAct.upload(org.springframework.web.multipart.MultipartFile)
2019-04-23 09:27:47,171 INFO  o.springframework.web.servlet.mvc.method.annotation.RequestMappingHandlerMapping - Mapped "{[/api/v1/login/doLogin]}" onto public org.kt.temp.util.R org.kt.temp.action.WxLoginAct.wxLogin(java.lang.String)
2019-04-23 09:27:47,175 INFO  o.springframework.web.servlet.mvc.method.annotation.RequestMappingHandlerMapping - Mapped "{[/error]}" onto public org.springframework.http.ResponseEntity<java.util.Map<java.lang.String, java.lang.Object>> org.springframework.boot.autoconfigure.web.servlet.error.BasicErrorController.error(javax.servlet.http.HttpServletRequest)
2019-04-23 09:27:47,175 INFO  o.springframework.web.servlet.mvc.method.annotation.RequestMappingHandlerMapping - Mapped "{[/error],produces=[text/html]}" onto public org.springframework.web.servlet.ModelAndView org.springframework.boot.autoconfigure.web.servlet.error.BasicErrorController.errorHtml(javax.servlet.http.HttpServletRequest,javax.servlet.http.HttpServletResponse)
2019-04-23 09:27:47,213 INFO  org.springframework.web.servlet.handler.SimpleUrlHandlerMapping - Mapped URL path [/webjars/**] onto handler of type [class org.springframework.web.servlet.resource.ResourceHttpRequestHandler]
2019-04-23 09:27:47,214 INFO  org.springframework.web.servlet.handler.SimpleUrlHandlerMapping - Mapped URL path [/**] onto handler of type [class org.springframework.web.servlet.resource.ResourceHttpRequestHandler]
2019-04-23 09:27:47,639 INFO  org.springframework.jmx.export.annotation.AnnotationMBeanExporter - Registering beans for JMX exposure on startup
2019-04-23 09:27:47,641 INFO  org.springframework.jmx.export.annotation.AnnotationMBeanExporter - Bean with name 'dataSource' has been autodetected for JMX exposure
2019-04-23 09:27:47,651 INFO  org.springframework.jmx.export.annotation.AnnotationMBeanExporter - Located MBean 'dataSource': registering with JMX server as MBean [com.zaxxer.hikari:name=dataSource,type=HikariDataSource]
2019-04-23 09:27:47,783 INFO  org.springframework.boot.web.embedded.tomcat.TomcatWebServer - Tomcat started on port(s): 8081 (http) with context path '/wxapp'
2019-04-23 09:27:47,809 INFO  org.kt.TempApplication - Started TempApplication in 4.191 seconds (JVM running for 8.233)
2019-04-23 09:28:11,119 INFO  org.apache.catalina.core.ContainerBase.[Tomcat].[localhost].[/wxapp] - Initializing Spring FrameworkServlet 'dispatcherServlet'
2019-04-23 09:28:11,120 INFO  org.springframework.web.servlet.DispatcherServlet - FrameworkServlet 'dispatcherServlet': initialization started
2019-04-23 09:28:11,141 INFO  org.springframework.web.servlet.DispatcherServlet - FrameworkServlet 'dispatcherServlet': initialization completed in 21 ms
2019-04-23 09:28:38,098 INFO  org.kt.TempApplication - Starting TempApplication on kw with PID 20732 (E:\workspace\idea\kt-temp\target\classes started by dzc in E:\workspace\idea\kt-temp)
2019-04-23 09:28:38,101 INFO  org.kt.TempApplication - No active profile set, falling back to default profiles: default
2019-04-23 09:28:38,165 INFO  o.s.boot.web.servlet.context.AnnotationConfigServletWebServerApplicationContext - Refreshing org.springframework.boot.web.servlet.context.AnnotationConfigServletWebServerApplicationContext@3fc9504b: startup date [Tue Apr 23 09:28:38 CST 2019]; root of context hierarchy
2019-04-23 09:28:39,563 INFO  org.springframework.boot.web.embedded.tomcat.TomcatWebServer - Tomcat initialized with port(s): 8081 (http)
2019-04-23 09:28:39,587 INFO  org.apache.catalina.core.StandardService - Starting service [Tomcat]
2019-04-23 09:28:39,587 INFO  org.apache.catalina.core.StandardEngine - Starting Servlet Engine: Apache Tomcat/8.5.34
2019-04-23 09:28:39,590 INFO  org.apache.catalina.core.AprLifecycleListener - The APR based Apache Tomcat Native library which allows optimal performance in production environments was not found on the java.library.path: [C:\Program Files\Java\jdk1.8.0_144\bin;C:\Windows\Sun\Java\bin;C:\Windows\system32;C:\Windows;D:\oracle\product\11.2.0\dbhome_1\bin;C:\ProgramData\Oracle\Java\javapath;D:\app\dzc\product\11.1.0\db_1\bin;C:\Windows\system32;C:\Windows;C:\Windows\System32\Wbem;C:\Windows\System32\WindowsPowerShell\v1.0\;D:\wygl_old\MongoDB 2.6 Standard\bin;C:\Program Files\cmder;F:\work\adt-bundle-windows-x86-20130917\sdk\tools;F:\work\adt-bundle-windows-x86-20130917\sdk\platform-tools;D:\program\git\Git\cmd;D:\program\node\;D:\program\mysql\bin;C:\Program Files\IDM Computer Solutions\UltraEdit;D:\maven\devMaven\apache-maven-3.5.3\bin;E:\workspace\nginx\nginx-1.12.2;C:\Program Files\Java\jdk1.8.0_144\bin;D:\program\git\Git\cmd;;D:\program\Microsoft VS Code\bin;C:\Users\dzc\AppData\Roaming\npm;D:\program\mongodb\bin;E:\workspace\server\redis\Redis-x64-3.2.100;.]
2019-04-23 09:28:39,678 INFO  org.apache.catalina.core.ContainerBase.[Tomcat].[localhost].[/wxapp] - Initializing Spring embedded WebApplicationContext
2019-04-23 09:28:39,678 INFO  org.springframework.web.context.ContextLoader - Root WebApplicationContext: initialization completed in 1514 ms
2019-04-23 09:28:39,732 INFO  org.springframework.boot.web.servlet.ServletRegistrationBean - Servlet dispatcherServlet mapped to [/]
2019-04-23 09:28:39,737 INFO  org.springframework.boot.web.servlet.FilterRegistrationBean - Mapping filter: 'characterEncodingFilter' to: [/*]
2019-04-23 09:28:39,737 INFO  org.springframework.boot.web.servlet.FilterRegistrationBean - Mapping filter: 'hiddenHttpMethodFilter' to: [/*]
2019-04-23 09:28:39,737 INFO  org.springframework.boot.web.servlet.FilterRegistrationBean - Mapping filter: 'httpPutFormContentFilter' to: [/*]
2019-04-23 09:28:39,737 INFO  org.springframework.boot.web.servlet.FilterRegistrationBean - Mapping filter: 'requestContextFilter' to: [/*]
2019-04-23 09:28:40,513 INFO  o.springframework.web.servlet.mvc.method.annotation.RequestMappingHandlerAdapter - Looking for @ControllerAdvice: org.springframework.boot.web.servlet.context.AnnotationConfigServletWebServerApplicationContext@3fc9504b: startup date [Tue Apr 23 09:28:38 CST 2019]; root of context hierarchy
2019-04-23 09:28:40,573 INFO  o.springframework.web.servlet.mvc.method.annotation.RequestMappingHandlerMapping - Mapped "{[/list]}" onto public java.lang.Object org.kt.temp.action.ClientAct.list(org.kt.temp.pojo.Client)
2019-04-23 09:28:40,574 INFO  o.springframework.web.servlet.mvc.method.annotation.RequestMappingHandlerMapping - Mapped "{[/saveOrUpdate],methods=[POST]}" onto public org.kt.temp.util.R org.kt.temp.action.ClientAct.saveOrUpdate(org.kt.temp.pojo.Client)
2019-04-23 09:28:40,575 INFO  o.springframework.web.servlet.mvc.method.annotation.RequestMappingHandlerMapping - Mapped "{[/api/v1/fwcj/list]}" onto public java.lang.Object org.kt.temp.action.FwcjAct.list()
2019-04-23 09:28:40,575 INFO  o.springframework.web.servlet.mvc.method.annotation.RequestMappingHandlerMapping - Mapped "{[/api/v1/fwcj/add]}" onto public java.lang.Object org.kt.temp.action.FwcjAct.addFwcj(org.kt.temp.pojo.Fwcj)
2019-04-23 09:28:40,576 INFO  o.springframework.web.servlet.mvc.method.annotation.RequestMappingHandlerMapping - Mapped "{[/hello]}" onto public org.kt.temp.util.R org.kt.temp.action.IndexAct.index()
2019-04-23 09:28:40,576 INFO  o.springframework.web.servlet.mvc.method.annotation.RequestMappingHandlerMapping - Mapped "{[/user]}" onto public java.lang.Object org.kt.temp.action.IndexAct.user()
2019-04-23 09:28:40,576 INFO  o.springframework.web.servlet.mvc.method.annotation.RequestMappingHandlerMapping - Mapped "{[/api/v1/upload/fileUpload]}" onto public void org.kt.temp.action.MyAct.upload(org.springframework.web.multipart.MultipartFile)
2019-04-23 09:28:40,577 INFO  o.springframework.web.servlet.mvc.method.annotation.RequestMappingHandlerMapping - Mapped "{[/api/v1/login/doLogin]}" onto public org.kt.temp.util.R org.kt.temp.action.WxLoginAct.wxLogin(java.lang.String)
2019-04-23 09:28:40,581 INFO  o.springframework.web.servlet.mvc.method.annotation.RequestMappingHandlerMapping - Mapped "{[/error]}" onto public org.springframework.http.ResponseEntity<java.util.Map<java.lang.String, java.lang.Object>> org.springframework.boot.autoconfigure.web.servlet.error.BasicErrorController.error(javax.servlet.http.HttpServletRequest)
2019-04-23 09:28:40,582 INFO  o.springframework.web.servlet.mvc.method.annotation.RequestMappingHandlerMapping - Mapped "{[/error],produces=[text/html]}" onto public org.springframework.web.servlet.ModelAndView org.springframework.boot.autoconfigure.web.servlet.error.BasicErrorController.errorHtml(javax.servlet.http.HttpServletRequest,javax.servlet.http.HttpServletResponse)
2019-04-23 09:28:40,612 INFO  org.springframework.web.servlet.handler.SimpleUrlHandlerMapping - Mapped URL path [/webjars/**] onto handler of type [class org.springframework.web.servlet.resource.ResourceHttpRequestHandler]
2019-04-23 09:28:40,612 INFO  org.springframework.web.servlet.handler.SimpleUrlHandlerMapping - Mapped URL path [/**] onto handler of type [class org.springframework.web.servlet.resource.ResourceHttpRequestHandler]
2019-04-23 09:28:40,845 INFO  org.springframework.jmx.export.annotation.AnnotationMBeanExporter - Registering beans for JMX exposure on startup
2019-04-23 09:28:40,846 INFO  org.springframework.jmx.export.annotation.AnnotationMBeanExporter - Bean with name 'dataSource' has been autodetected for JMX exposure
2019-04-23 09:28:40,852 INFO  org.springframework.jmx.export.annotation.AnnotationMBeanExporter - Located MBean 'dataSource': registering with JMX server as MBean [com.zaxxer.hikari:name=dataSource,type=HikariDataSource]
2019-04-23 09:28:40,893 INFO  org.springframework.boot.web.embedded.tomcat.TomcatWebServer - Tomcat started on port(s): 8081 (http) with context path '/wxapp'
2019-04-23 09:28:40,898 INFO  org.kt.TempApplication - Started TempApplication in 3.369 seconds (JVM running for 7.185)
2019-04-23 09:29:32,789 INFO  org.apache.catalina.core.ContainerBase.[Tomcat].[localhost].[/wxapp] - Initializing Spring FrameworkServlet 'dispatcherServlet'
2019-04-23 09:29:32,790 INFO  org.springframework.web.servlet.DispatcherServlet - FrameworkServlet 'dispatcherServlet': initialization started
2019-04-23 09:29:32,806 INFO  org.springframework.web.servlet.DispatcherServlet - FrameworkServlet 'dispatcherServlet': initialization completed in 16 ms
2019-04-23 09:30:34,983 INFO  org.kt.TempApplication - Starting TempApplication on kw with PID 13728 (E:\workspace\idea\kt-temp\target\classes started by dzc in E:\workspace\idea\kt-temp)
2019-04-23 09:30:34,986 INFO  org.kt.TempApplication - No active profile set, falling back to default profiles: default
2019-04-23 09:30:35,058 INFO  o.s.boot.web.servlet.context.AnnotationConfigServletWebServerApplicationContext - Refreshing org.springframework.boot.web.servlet.context.AnnotationConfigServletWebServerApplicationContext@2e6a5539: startup date [Tue Apr 23 09:30:35 CST 2019]; root of context hierarchy
2019-04-23 09:30:36,459 INFO  org.springframework.boot.web.embedded.tomcat.TomcatWebServer - Tomcat initialized with port(s): 8081 (http)
2019-04-23 09:30:36,486 INFO  org.apache.catalina.core.StandardService - Starting service [Tomcat]
2019-04-23 09:30:36,486 INFO  org.apache.catalina.core.StandardEngine - Starting Servlet Engine: Apache Tomcat/8.5.34
2019-04-23 09:30:36,490 INFO  org.apache.catalina.core.AprLifecycleListener - The APR based Apache Tomcat Native library which allows optimal performance in production environments was not found on the java.library.path: [C:\Program Files\Java\jdk1.8.0_144\bin;C:\Windows\Sun\Java\bin;C:\Windows\system32;C:\Windows;D:\oracle\product\11.2.0\dbhome_1\bin;C:\ProgramData\Oracle\Java\javapath;D:\app\dzc\product\11.1.0\db_1\bin;C:\Windows\system32;C:\Windows;C:\Windows\System32\Wbem;C:\Windows\System32\WindowsPowerShell\v1.0\;D:\wygl_old\MongoDB 2.6 Standard\bin;C:\Program Files\cmder;F:\work\adt-bundle-windows-x86-20130917\sdk\tools;F:\work\adt-bundle-windows-x86-20130917\sdk\platform-tools;D:\program\git\Git\cmd;D:\program\node\;D:\program\mysql\bin;C:\Program Files\IDM Computer Solutions\UltraEdit;D:\maven\devMaven\apache-maven-3.5.3\bin;E:\workspace\nginx\nginx-1.12.2;C:\Program Files\Java\jdk1.8.0_144\bin;D:\program\git\Git\cmd;;D:\program\Microsoft VS Code\bin;C:\Users\dzc\AppData\Roaming\npm;D:\program\mongodb\bin;E:\workspace\server\redis\Redis-x64-3.2.100;.]
2019-04-23 09:30:36,585 INFO  org.apache.catalina.core.ContainerBase.[Tomcat].[localhost].[/wxapp] - Initializing Spring embedded WebApplicationContext
2019-04-23 09:30:36,585 INFO  org.springframework.web.context.ContextLoader - Root WebApplicationContext: initialization completed in 1527 ms
2019-04-23 09:30:36,646 INFO  org.springframework.boot.web.servlet.ServletRegistrationBean - Servlet dispatcherServlet mapped to [/]
2019-04-23 09:30:36,650 INFO  org.springframework.boot.web.servlet.FilterRegistrationBean - Mapping filter: 'characterEncodingFilter' to: [/*]
2019-04-23 09:30:36,650 INFO  org.springframework.boot.web.servlet.FilterRegistrationBean - Mapping filter: 'hiddenHttpMethodFilter' to: [/*]
2019-04-23 09:30:36,651 INFO  org.springframework.boot.web.servlet.FilterRegistrationBean - Mapping filter: 'httpPutFormContentFilter' to: [/*]
2019-04-23 09:30:36,651 INFO  org.springframework.boot.web.servlet.FilterRegistrationBean - Mapping filter: 'requestContextFilter' to: [/*]
2019-04-23 09:30:37,450 INFO  o.springframework.web.servlet.mvc.method.annotation.RequestMappingHandlerAdapter - Looking for @ControllerAdvice: org.springframework.boot.web.servlet.context.AnnotationConfigServletWebServerApplicationContext@2e6a5539: startup date [Tue Apr 23 09:30:35 CST 2019]; root of context hierarchy
2019-04-23 09:30:37,514 INFO  o.springframework.web.servlet.mvc.method.annotation.RequestMappingHandlerMapping - Mapped "{[/list]}" onto public java.lang.Object org.kt.temp.action.ClientAct.list(org.kt.temp.pojo.Client)
2019-04-23 09:30:37,515 INFO  o.springframework.web.servlet.mvc.method.annotation.RequestMappingHandlerMapping - Mapped "{[/saveOrUpdate],methods=[POST]}" onto public org.kt.temp.util.R org.kt.temp.action.ClientAct.saveOrUpdate(org.kt.temp.pojo.Client)
2019-04-23 09:30:37,516 INFO  o.springframework.web.servlet.mvc.method.annotation.RequestMappingHandlerMapping - Mapped "{[/api/v1/fwcj/list]}" onto public java.lang.Object org.kt.temp.action.FwcjAct.list()
2019-04-23 09:30:37,516 INFO  o.springframework.web.servlet.mvc.method.annotation.RequestMappingHandlerMapping - Mapped "{[/api/v1/fwcj/add]}" onto public java.lang.Object org.kt.temp.action.FwcjAct.addFwcj(org.kt.temp.pojo.Fwcj)
2019-04-23 09:30:37,517 INFO  o.springframework.web.servlet.mvc.method.annotation.RequestMappingHandlerMapping - Mapped "{[/hello]}" onto public org.kt.temp.util.R org.kt.temp.action.IndexAct.index()
2019-04-23 09:30:37,517 INFO  o.springframework.web.servlet.mvc.method.annotation.RequestMappingHandlerMapping - Mapped "{[/user]}" onto public java.lang.Object org.kt.temp.action.IndexAct.user()
2019-04-23 09:30:37,518 INFO  o.springframework.web.servlet.mvc.method.annotation.RequestMappingHandlerMapping - Mapped "{[/api/v1/upload/fileUpload]}" onto public void org.kt.temp.action.MyAct.upload(org.springframework.web.multipart.MultipartFile)
2019-04-23 09:30:37,518 INFO  o.springframework.web.servlet.mvc.method.annotation.RequestMappingHandlerMapping - Mapped "{[/api/v1/login/doLogin]}" onto public org.kt.temp.util.R org.kt.temp.action.WxLoginAct.wxLogin(java.lang.String)
2019-04-23 09:30:37,522 INFO  o.springframework.web.servlet.mvc.method.annotation.RequestMappingHandlerMapping - Mapped "{[/error]}" onto public org.springframework.http.ResponseEntity<java.util.Map<java.lang.String, java.lang.Object>> org.springframework.boot.autoconfigure.web.servlet.error.BasicErrorController.error(javax.servlet.http.HttpServletRequest)
2019-04-23 09:30:37,523 INFO  o.springframework.web.servlet.mvc.method.annotation.RequestMappingHandlerMapping - Mapped "{[/error],produces=[text/html]}" onto public org.springframework.web.servlet.ModelAndView org.springframework.boot.autoconfigure.web.servlet.error.BasicErrorController.errorHtml(javax.servlet.http.HttpServletRequest,javax.servlet.http.HttpServletResponse)
2019-04-23 09:30:37,553 INFO  org.springframework.web.servlet.handler.SimpleUrlHandlerMapping - Mapped URL path [/webjars/**] onto handler of type [class org.springframework.web.servlet.resource.ResourceHttpRequestHandler]
2019-04-23 09:30:37,553 INFO  org.springframework.web.servlet.handler.SimpleUrlHandlerMapping - Mapped URL path [/**] onto handler of type [class org.springframework.web.servlet.resource.ResourceHttpRequestHandler]
2019-04-23 09:30:37,796 INFO  org.springframework.jmx.export.annotation.AnnotationMBeanExporter - Registering beans for JMX exposure on startup
2019-04-23 09:30:37,797 INFO  org.springframework.jmx.export.annotation.AnnotationMBeanExporter - Bean with name 'dataSource' has been autodetected for JMX exposure
2019-04-23 09:30:37,803 INFO  org.springframework.jmx.export.annotation.AnnotationMBeanExporter - Located MBean 'dataSource': registering with JMX server as MBean [com.zaxxer.hikari:name=dataSource,type=HikariDataSource]
2019-04-23 09:30:37,842 INFO  org.springframework.boot.web.embedded.tomcat.TomcatWebServer - Tomcat started on port(s): 8081 (http) with context path '/wxapp'
2019-04-23 09:30:37,847 INFO  org.kt.TempApplication - Started TempApplication in 3.42 seconds (JVM running for 7.427)
2019-04-23 09:30:44,603 INFO  org.apache.catalina.core.ContainerBase.[Tomcat].[localhost].[/wxapp] - Initializing Spring FrameworkServlet 'dispatcherServlet'
2019-04-23 09:30:44,603 INFO  org.springframework.web.servlet.DispatcherServlet - FrameworkServlet 'dispatcherServlet': initialization started
2019-04-23 09:30:44,618 INFO  org.springframework.web.servlet.DispatcherServlet - FrameworkServlet 'dispatcherServlet': initialization completed in 15 ms
2019-04-23 09:33:01,487 INFO  org.kt.TempApplication - Starting TempApplication on kw with PID 8224 (E:\workspace\idea\kt-temp\target\classes started by dzc in E:\workspace\idea\kt-temp)
2019-04-23 09:33:01,514 INFO  org.kt.TempApplication - No active profile set, falling back to default profiles: default
2019-04-23 09:33:01,634 INFO  o.s.boot.web.servlet.context.AnnotationConfigServletWebServerApplicationContext - Refreshing org.springframework.boot.web.servlet.context.AnnotationConfigServletWebServerApplicationContext@65a15628: startup date [Tue Apr 23 09:33:01 CST 2019]; root of context hierarchy
2019-04-23 09:33:03,765 INFO  org.springframework.boot.web.embedded.tomcat.TomcatWebServer - Tomcat initialized with port(s): 8081 (http)
2019-04-23 09:33:03,789 INFO  org.apache.catalina.core.StandardService - Starting service [Tomcat]
2019-04-23 09:33:03,790 INFO  org.apache.catalina.core.StandardEngine - Starting Servlet Engine: Apache Tomcat/8.5.34
2019-04-23 09:33:03,794 INFO  org.apache.catalina.core.AprLifecycleListener - The APR based Apache Tomcat Native library which allows optimal performance in production environments was not found on the java.library.path: [C:\Program Files\Java\jdk1.8.0_144\bin;C:\Windows\Sun\Java\bin;C:\Windows\system32;C:\Windows;D:\oracle\product\11.2.0\dbhome_1\bin;C:\ProgramData\Oracle\Java\javapath;D:\app\dzc\product\11.1.0\db_1\bin;C:\Windows\system32;C:\Windows;C:\Windows\System32\Wbem;C:\Windows\System32\WindowsPowerShell\v1.0\;D:\wygl_old\MongoDB 2.6 Standard\bin;C:\Program Files\cmder;F:\work\adt-bundle-windows-x86-20130917\sdk\tools;F:\work\adt-bundle-windows-x86-20130917\sdk\platform-tools;D:\program\git\Git\cmd;D:\program\node\;D:\program\mysql\bin;C:\Program Files\IDM Computer Solutions\UltraEdit;D:\maven\devMaven\apache-maven-3.5.3\bin;E:\workspace\nginx\nginx-1.12.2;C:\Program Files\Java\jdk1.8.0_144\bin;D:\program\git\Git\cmd;;D:\program\Microsoft VS Code\bin;C:\Users\dzc\AppData\Roaming\npm;D:\program\mongodb\bin;E:\workspace\server\redis\Redis-x64-3.2.100;.]
2019-04-23 09:33:03,897 INFO  org.apache.catalina.core.ContainerBase.[Tomcat].[localhost].[/wxapp] - Initializing Spring embedded WebApplicationContext
2019-04-23 09:33:03,897 INFO  org.springframework.web.context.ContextLoader - Root WebApplicationContext: initialization completed in 2263 ms
2019-04-23 09:33:03,951 INFO  org.springframework.boot.web.servlet.ServletRegistrationBean - Servlet dispatcherServlet mapped to [/]
2019-04-23 09:33:03,955 INFO  org.springframework.boot.web.servlet.FilterRegistrationBean - Mapping filter: 'characterEncodingFilter' to: [/*]
2019-04-23 09:33:03,955 INFO  org.springframework.boot.web.servlet.FilterRegistrationBean - Mapping filter: 'hiddenHttpMethodFilter' to: [/*]
2019-04-23 09:33:03,956 INFO  org.springframework.boot.web.servlet.FilterRegistrationBean - Mapping filter: 'httpPutFormContentFilter' to: [/*]
2019-04-23 09:33:03,956 INFO  org.springframework.boot.web.servlet.FilterRegistrationBean - Mapping filter: 'requestContextFilter' to: [/*]
2019-04-23 09:33:04,790 INFO  o.springframework.web.servlet.mvc.method.annotation.RequestMappingHandlerAdapter - Looking for @ControllerAdvice: org.springframework.boot.web.servlet.context.AnnotationConfigServletWebServerApplicationContext@65a15628: startup date [Tue Apr 23 09:33:01 CST 2019]; root of context hierarchy
2019-04-23 09:33:04,875 INFO  o.springframework.web.servlet.mvc.method.annotation.RequestMappingHandlerMapping - Mapped "{[/list]}" onto public java.lang.Object org.kt.temp.action.ClientAct.list(org.kt.temp.pojo.Client)
2019-04-23 09:33:04,877 INFO  o.springframework.web.servlet.mvc.method.annotation.RequestMappingHandlerMapping - Mapped "{[/saveOrUpdate],methods=[POST]}" onto public org.kt.temp.util.R org.kt.temp.action.ClientAct.saveOrUpdate(org.kt.temp.pojo.Client)
2019-04-23 09:33:04,878 INFO  o.springframework.web.servlet.mvc.method.annotation.RequestMappingHandlerMapping - Mapped "{[/api/v1/fwcj/list]}" onto public java.lang.Object org.kt.temp.action.FwcjAct.list()
2019-04-23 09:33:04,879 INFO  o.springframework.web.servlet.mvc.method.annotation.RequestMappingHandlerMapping - Mapped "{[/api/v1/fwcj/add]}" onto public java.lang.Object org.kt.temp.action.FwcjAct.addFwcj(org.kt.temp.pojo.Fwcj)
2019-04-23 09:33:04,880 INFO  o.springframework.web.servlet.mvc.method.annotation.RequestMappingHandlerMapping - Mapped "{[/hello]}" onto public org.kt.temp.util.R org.kt.temp.action.IndexAct.index()
2019-04-23 09:33:04,880 INFO  o.springframework.web.servlet.mvc.method.annotation.RequestMappingHandlerMapping - Mapped "{[/user]}" onto public java.lang.Object org.kt.temp.action.IndexAct.user()
2019-04-23 09:33:04,884 INFO  o.springframework.web.servlet.mvc.method.annotation.RequestMappingHandlerMapping - Mapped "{[/api/v1/upload/fileUpload]}" onto public org.kt.temp.util.R org.kt.temp.action.MyAct.upload(org.springframework.web.multipart.MultipartFile)
2019-04-23 09:33:04,886 INFO  o.springframework.web.servlet.mvc.method.annotation.RequestMappingHandlerMapping - Mapped "{[/api/v1/login/doLogin]}" onto public org.kt.temp.util.R org.kt.temp.action.WxLoginAct.wxLogin(java.lang.String)
2019-04-23 09:33:04,895 INFO  o.springframework.web.servlet.mvc.method.annotation.RequestMappingHandlerMapping - Mapped "{[/error]}" onto public org.springframework.http.ResponseEntity<java.util.Map<java.lang.String, java.lang.Object>> org.springframework.boot.autoconfigure.web.servlet.error.BasicErrorController.error(javax.servlet.http.HttpServletRequest)
2019-04-23 09:33:04,896 INFO  o.springframework.web.servlet.mvc.method.annotation.RequestMappingHandlerMapping - Mapped "{[/error],produces=[text/html]}" onto public org.springframework.web.servlet.ModelAndView org.springframework.boot.autoconfigure.web.servlet.error.BasicErrorController.errorHtml(javax.servlet.http.HttpServletRequest,javax.servlet.http.HttpServletResponse)
2019-04-23 09:33:04,937 INFO  org.springframework.web.servlet.handler.SimpleUrlHandlerMapping - Mapped URL path [/webjars/**] onto handler of type [class org.springframework.web.servlet.resource.ResourceHttpRequestHandler]
2019-04-23 09:33:04,937 INFO  org.springframework.web.servlet.handler.SimpleUrlHandlerMapping - Mapped URL path [/**] onto handler of type [class org.springframework.web.servlet.resource.ResourceHttpRequestHandler]
2019-04-23 09:33:05,287 INFO  org.springframework.jmx.export.annotation.AnnotationMBeanExporter - Registering beans for JMX exposure on startup
2019-04-23 09:33:05,288 INFO  org.springframework.jmx.export.annotation.AnnotationMBeanExporter - Bean with name 'dataSource' has been autodetected for JMX exposure
2019-04-23 09:33:05,294 INFO  org.springframework.jmx.export.annotation.AnnotationMBeanExporter - Located MBean 'dataSource': registering with JMX server as MBean [com.zaxxer.hikari:name=dataSource,type=HikariDataSource]
2019-04-23 09:33:05,354 INFO  org.springframework.boot.web.embedded.tomcat.TomcatWebServer - Tomcat started on port(s): 8081 (http) with context path '/wxapp'
2019-04-23 09:33:05,362 INFO  org.kt.TempApplication - Started TempApplication in 4.989 seconds (JVM running for 9.343)
2019-04-23 09:33:21,100 INFO  org.apache.catalina.core.ContainerBase.[Tomcat].[localhost].[/wxapp] - Initializing Spring FrameworkServlet 'dispatcherServlet'
2019-04-23 09:33:21,100 INFO  org.springframework.web.servlet.DispatcherServlet - FrameworkServlet 'dispatcherServlet': initialization started
2019-04-23 09:33:21,121 INFO  org.springframework.web.servlet.DispatcherServlet - FrameworkServlet 'dispatcherServlet': initialization completed in 21 ms
2019-04-23 09:33:23,017 INFO  com.zaxxer.hikari.HikariDataSource - HikariPool-1 - Starting...
2019-04-23 09:33:23,200 INFO  com.zaxxer.hikari.pool.PoolBase - HikariPool-1 - Driver does not support get/set network timeout for connections. (oracle.jdbc.driver.T4CConnection.getNetworkTimeout()I)
2019-04-23 09:33:23,205 INFO  com.zaxxer.hikari.HikariDataSource - HikariPool-1 - Start completed.
2019-04-23 09:35:30,441 INFO  org.kt.TempApplication - Starting TempApplication on kw with PID 19720 (E:\workspace\idea\kt-temp\target\classes started by dzc in E:\workspace\idea\kt-temp)
2019-04-23 09:35:30,444 INFO  org.kt.TempApplication - No active profile set, falling back to default profiles: default
2019-04-23 09:35:30,498 INFO  o.s.boot.web.servlet.context.AnnotationConfigServletWebServerApplicationContext - Refreshing org.springframework.boot.web.servlet.context.AnnotationConfigServletWebServerApplicationContext@65a15628: startup date [Tue Apr 23 09:35:30 CST 2019]; root of context hierarchy
2019-04-23 09:35:31,847 INFO  org.springframework.boot.web.embedded.tomcat.TomcatWebServer - Tomcat initialized with port(s): 8081 (http)
2019-04-23 09:35:31,869 INFO  org.apache.catalina.core.StandardService - Starting service [Tomcat]
2019-04-23 09:35:31,869 INFO  org.apache.catalina.core.StandardEngine - Starting Servlet Engine: Apache Tomcat/8.5.34
2019-04-23 09:35:31,873 INFO  org.apache.catalina.core.AprLifecycleListener - The APR based Apache Tomcat Native library which allows optimal performance in production environments was not found on the java.library.path: [C:\Program Files\Java\jdk1.8.0_144\bin;C:\Windows\Sun\Java\bin;C:\Windows\system32;C:\Windows;D:\oracle\product\11.2.0\dbhome_1\bin;C:\ProgramData\Oracle\Java\javapath;D:\app\dzc\product\11.1.0\db_1\bin;C:\Windows\system32;C:\Windows;C:\Windows\System32\Wbem;C:\Windows\System32\WindowsPowerShell\v1.0\;D:\wygl_old\MongoDB 2.6 Standard\bin;C:\Program Files\cmder;F:\work\adt-bundle-windows-x86-20130917\sdk\tools;F:\work\adt-bundle-windows-x86-20130917\sdk\platform-tools;D:\program\git\Git\cmd;D:\program\node\;D:\program\mysql\bin;C:\Program Files\IDM Computer Solutions\UltraEdit;D:\maven\devMaven\apache-maven-3.5.3\bin;E:\workspace\nginx\nginx-1.12.2;C:\Program Files\Java\jdk1.8.0_144\bin;D:\program\git\Git\cmd;;D:\program\Microsoft VS Code\bin;C:\Users\dzc\AppData\Roaming\npm;D:\program\mongodb\bin;E:\workspace\server\redis\Redis-x64-3.2.100;.]
2019-04-23 09:35:31,961 INFO  org.apache.catalina.core.ContainerBase.[Tomcat].[localhost].[/wxapp] - Initializing Spring embedded WebApplicationContext
2019-04-23 09:35:31,961 INFO  org.springframework.web.context.ContextLoader - Root WebApplicationContext: initialization completed in 1463 ms
2019-04-23 09:35:32,013 INFO  org.springframework.boot.web.servlet.ServletRegistrationBean - Servlet dispatcherServlet mapped to [/]
2019-04-23 09:35:32,017 INFO  org.springframework.boot.web.servlet.FilterRegistrationBean - Mapping filter: 'characterEncodingFilter' to: [/*]
2019-04-23 09:35:32,017 INFO  org.springframework.boot.web.servlet.FilterRegistrationBean - Mapping filter: 'hiddenHttpMethodFilter' to: [/*]
2019-04-23 09:35:32,018 INFO  org.springframework.boot.web.servlet.FilterRegistrationBean - Mapping filter: 'httpPutFormContentFilter' to: [/*]
2019-04-23 09:35:32,018 INFO  org.springframework.boot.web.servlet.FilterRegistrationBean - Mapping filter: 'requestContextFilter' to: [/*]
2019-04-23 09:35:32,862 INFO  o.springframework.web.servlet.mvc.method.annotation.RequestMappingHandlerAdapter - Looking for @ControllerAdvice: org.springframework.boot.web.servlet.context.AnnotationConfigServletWebServerApplicationContext@65a15628: startup date [Tue Apr 23 09:35:30 CST 2019]; root of context hierarchy
2019-04-23 09:35:32,931 INFO  o.springframework.web.servlet.mvc.method.annotation.RequestMappingHandlerMapping - Mapped "{[/list]}" onto public java.lang.Object org.kt.temp.action.ClientAct.list(org.kt.temp.pojo.Client)
2019-04-23 09:35:32,932 INFO  o.springframework.web.servlet.mvc.method.annotation.RequestMappingHandlerMapping - Mapped "{[/saveOrUpdate],methods=[POST]}" onto public org.kt.temp.util.R org.kt.temp.action.ClientAct.saveOrUpdate(org.kt.temp.pojo.Client)
2019-04-23 09:35:32,933 INFO  o.springframework.web.servlet.mvc.method.annotation.RequestMappingHandlerMapping - Mapped "{[/api/v1/fwcj/list]}" onto public java.lang.Object org.kt.temp.action.FwcjAct.list()
2019-04-23 09:35:32,934 INFO  o.springframework.web.servlet.mvc.method.annotation.RequestMappingHandlerMapping - Mapped "{[/api/v1/fwcj/add]}" onto public java.lang.Object org.kt.temp.action.FwcjAct.addFwcj(org.kt.temp.pojo.Fwcj)
2019-04-23 09:35:32,934 INFO  o.springframework.web.servlet.mvc.method.annotation.RequestMappingHandlerMapping - Mapped "{[/hello]}" onto public org.kt.temp.util.R org.kt.temp.action.IndexAct.index()
2019-04-23 09:35:32,934 INFO  o.springframework.web.servlet.mvc.method.annotation.RequestMappingHandlerMapping - Mapped "{[/user]}" onto public java.lang.Object org.kt.temp.action.IndexAct.user()
2019-04-23 09:35:32,935 INFO  o.springframework.web.servlet.mvc.method.annotation.RequestMappingHandlerMapping - Mapped "{[/api/v1/upload/fileUpload]}" onto public java.lang.String org.kt.temp.action.MyAct.upload(org.springframework.web.multipart.MultipartFile)
2019-04-23 09:35:32,935 INFO  o.springframework.web.servlet.mvc.method.annotation.RequestMappingHandlerMapping - Mapped "{[/api/v1/login/doLogin]}" onto public org.kt.temp.util.R org.kt.temp.action.WxLoginAct.wxLogin(java.lang.String)
2019-04-23 09:35:32,939 INFO  o.springframework.web.servlet.mvc.method.annotation.RequestMappingHandlerMapping - Mapped "{[/error]}" onto public org.springframework.http.ResponseEntity<java.util.Map<java.lang.String, java.lang.Object>> org.springframework.boot.autoconfigure.web.servlet.error.BasicErrorController.error(javax.servlet.http.HttpServletRequest)
2019-04-23 09:35:32,940 INFO  o.springframework.web.servlet.mvc.method.annotation.RequestMappingHandlerMapping - Mapped "{[/error],produces=[text/html]}" onto public org.springframework.web.servlet.ModelAndView org.springframework.boot.autoconfigure.web.servlet.error.BasicErrorController.errorHtml(javax.servlet.http.HttpServletRequest,javax.servlet.http.HttpServletResponse)
2019-04-23 09:35:32,969 INFO  org.springframework.web.servlet.handler.SimpleUrlHandlerMapping - Mapped URL path [/webjars/**] onto handler of type [class org.springframework.web.servlet.resource.ResourceHttpRequestHandler]
2019-04-23 09:35:32,969 INFO  org.springframework.web.servlet.handler.SimpleUrlHandlerMapping - Mapped URL path [/**] onto handler of type [class org.springframework.web.servlet.resource.ResourceHttpRequestHandler]
2019-04-23 09:35:33,182 INFO  org.springframework.jmx.export.annotation.AnnotationMBeanExporter - Registering beans for JMX exposure on startup
2019-04-23 09:35:33,183 INFO  org.springframework.jmx.export.annotation.AnnotationMBeanExporter - Bean with name 'dataSource' has been autodetected for JMX exposure
2019-04-23 09:35:33,188 INFO  org.springframework.jmx.export.annotation.AnnotationMBeanExporter - Located MBean 'dataSource': registering with JMX server as MBean [com.zaxxer.hikari:name=dataSource,type=HikariDataSource]
2019-04-23 09:35:33,227 INFO  org.springframework.boot.web.embedded.tomcat.TomcatWebServer - Tomcat started on port(s): 8081 (http) with context path '/wxapp'
2019-04-23 09:35:33,232 INFO  org.kt.TempApplication - Started TempApplication in 3.43 seconds (JVM running for 8.226)
2019-04-23 09:36:48,798 INFO  org.apache.catalina.core.ContainerBase.[Tomcat].[localhost].[/wxapp] - Initializing Spring FrameworkServlet 'dispatcherServlet'
2019-04-23 09:36:48,798 INFO  org.springframework.web.servlet.DispatcherServlet - FrameworkServlet 'dispatcherServlet': initialization started
2019-04-23 09:36:48,820 INFO  org.springframework.web.servlet.DispatcherServlet - FrameworkServlet 'dispatcherServlet': initialization completed in 22 ms
2019-04-23 09:36:48,886 INFO  com.zaxxer.hikari.HikariDataSource - HikariPool-1 - Starting...
2019-04-23 09:36:49,083 INFO  com.zaxxer.hikari.pool.PoolBase - HikariPool-1 - Driver does not support get/set network timeout for connections. (oracle.jdbc.driver.T4CConnection.getNetworkTimeout()I)
2019-04-23 09:36:49,088 INFO  com.zaxxer.hikari.HikariDataSource - HikariPool-1 - Start completed.
